#-----------------------------------------------------------
# Vivado v2019.2 (64-bit)
# SW Build 2708876 on Wed Nov  6 21:40:23 MST 2019
# IP Build 2700528 on Thu Nov  7 00:09:20 MST 2019
# Start of session at: Mon Jan 15 11:03:47 2024
# Process ID: 23384
# Current directory: C:/Users/Aguer/OneDrive - Università degli Studi di Catania/Desktop/Ingegneria Informatica/Calcolatori elettronici/Vivado/Compito31012023
# Command line: vivado.exe -gui_launcher_event rodinguilauncherevent30924 C:\Users\Aguer\OneDrive - Università degli Studi di Catania\Desktop\Ingegneria Informatica\Calcolatori elettronici\Vivado\Compito31012023\Compito31012023.xpr
# Log file: C:/Users/Aguer/OneDrive - Università degli Studi di Catania/Desktop/Ingegneria Informatica/Calcolatori elettronici/Vivado/Compito31012023/vivado.log
# Journal file: C:/Users/Aguer/OneDrive - Università degli Studi di Catania/Desktop/Ingegneria Informatica/Calcolatori elettronici/Vivado/Compito31012023\vivado.jou
#-----------------------------------------------------------
start_gui
open_project {C:/Users/Aguer/OneDrive - Università degli Studi di Catania/Desktop/Ingegneria Informatica/Calcolatori elettronici/Vivado/Compito31012023/Compito31012023.xpr}
INFO: [ProjectBase 1-489] The host OS only allows 260 characters in a normal path. The project is stored in a path with more than 80 characters. If you experience issues with IP, Block Designs, or files not being found, please consider moving the project to a location with a shorter path. Alternately consider using the OS subst command to map part of the path to a drive letter.
Current project path is 'C:/Users/Aguer/OneDrive - Università degli Studi di Catania/Desktop/Ingegneria Informatica/Calcolatori elettronici/Vivado/Compito31012023'
INFO: [Project 1-313] Project file moved from 'C:/Users/Aguer/OneDrive - Universit degli Studi di Catania/Desktop/Ingegneria Informatica/Calcolatori elettronici/Vivado/Compito31012023' since last save.
Scanning sources...
Finished scanning sources
INFO: [IP_Flow 19-234] Refreshing IP repositories
INFO: [IP_Flow 19-1704] No user IP repositories specified
INFO: [IP_Flow 19-2313] Loaded Vivado IP repository 'C:/Xilinx/Vivado/2019.2/data/ip'.
update_compile_order -fileset sources_1
exit
INFO: [Common 17-206] Exiting Vivado at Mon Jan 15 11:34:06 2024...
